sigma/build/app/outputs/mapping/release/usage.txt
com.example.sigma.R$string
com.example.sigma.BuildConfig
com.example.sigma.R$styleable
com.example.sigma.R$id
com.example.sigma.R$style
com.example.sigma.R$dimen
com.example.sigma.R$integer
com.example.sigma.R$color
com.example.sigma.R$layout
com.example.sigma.R$mipmap
com.example.sigma.R
com.example.sigma.R$drawable
com.example.sigma.R$attr
...
com.google.common.collect.Cut$AboveValue
com.google.common.graph.ConfigurableValueGraph
com.google.common.hash.BloomFilter$1
com.google.common.primitives.Doubles$DoubleConverter
com.google.errorprone.annotations.DoNotCall
com.google.common.util.concurrent.AbstractScheduledService$ServiceDelegate$Task
androidx.core.app.NotificationCompat$Action$SemanticAction
com.google.common.graph.DirectedNetworkConnections
com.google.common.collect.Maps$TransformedEntriesMap
com.google.common.collect.SortedLists$KeyPresentBehavior$2
com.google.common.graph.EndpointPair$1
com.google.common.base.CaseFormat$3
com.google.common.collect.Multimaps$TransformedEntriesListMultimap
androidx.annotation.RawRes
kotlin.ranges.CharRange$Companion
io.flutter.plugins.pathprovider.R$color
androidx.fragment.R$dimen
androidx.annotation.VisibleForTesting
com.google.common.io.CharSource$EmptyCharSource
kotlin.Unit
androidx.core.util.Consumer
androidx.lifecycle.Lifecycling
com.google.common.util.concurrent.SimpleTimeLimiter
com.google.common.collect.FilteredEntryMultimap$AsMap
com.google.common.collect.ImmutableSortedSet$SerializedForm
com.google.common.io.ByteStreams$ByteArrayDataOutputStream
androidx.core.view.inputmethod.InputContentInfoCompat
androidx.core.app.NotificationCompat$BigPictureStyle
com.google.common.graph.Traverser$TreeTraverser$DepthFirstPostOrderIterator
com.google.common.util.concurrent.ListeningExecutorService
androidx.core.content.pm.ShortcutInfoCompatSaver$NoopImpl
kotlin.contracts.ConditionalEffect
com.google.common.collect.UsingToStringOrdering
com.google.common.cache.LocalCache$LocalManualCache$1
com.google.common.collect.Iterators$8
kotlin.text.StringsKt___StringsKt$chunkedSequence$1
androidx.activity.R
kotlin.LazyThreadSafetyMode
com.google.common.collect.TreeTraverser$BreadthFirstIterator
com.google.common.graph.AbstractBaseGraph$IncidentEdgeSet$Directed$2
androidx.core.app.NotificationCompat$BigTextStyle
androidx.core.app.ActivityCompat$PermissionCompatDelegate
kotlin.jvm.internal.CharSpreadBuilder
androidx.core.view.inputmethod.InputContentInfoCompat$InputContentInfoCompatBaseImpl
com.google.common.hash.ChecksumHashFunction$ChecksumHasher
com.google.common.collect.ImmutableMap$Builder
com.google.common.reflect.TypeToken$2
com.google.common.util.concurrent.InterruptibleTask$DoNothingRunnable
androidx.annotation.AnyThread
androidx.core.content.FileProvider$PathStrategy
kotlin.jvm.Volatile
kotlin.time.AdjustedClockMark
androidx.core.widget.ImageViewCompat
com.google.common.collect.ImmutableRangeSet
com.google.common.util.concurrent.ServiceManager$EmptyServiceManagerWarning
androidx.annotation.RestrictTo$Scope
com.google.common.util.concurrent.CycleDetectingLockFactory
androidx.core.widget.ContentLoadingProgressBar
com.google.common.cache.CacheBuilderSpec$ValueParser
kotlin.coroutines.experimental.ContinuationInterceptor
io.flutter.plugin.common.EventChannel$IncomingStreamRequestHandler$EventSinkImplementation
com.google.common.collect.Sets$UnmodifiableNavigableSet
androidx.core.app.NotificationCompatJellybean
com.google.common.eventbus.SubscriberRegistry$1
kotlin.sequences.SubSequence$iterator$1
com.google.common.primitives.Platform
io.flutter.embedding.android.FlutterFragment$ActivityCallThrough
kotlin.collections.RingBuffer
com.google.common.hash.MacHashFunction
com.google.common.net.MediaType$1
com.google.common.graph.Traverser$TreeTraverser$2
com.google.common.graph.AbstractNetwork$1
kotlin.jvm.internal.Ref$ObjectRef
com.google.common.collect.AbstractMultimap
com.google.common.util.concurrent.AtomicDouble
androidx.fragment.R$color
com.google.errorprone.annotations.CanIgnoreReturnValue
com.google.common.util.concurrent.AtomicDoubleArray
com.google.common.collect.EvictingQueue
com.google.errorprone.annotations.SuppressPackageLocation
androidx.fragment.app.FragmentManagerImpl$PopBackStackState
androidx.core.app.JobIntentService
com.google.common.collect.ImmutableAsList
com.google.common.collect.LexicographicalOrdering